#
# There is insufficient memory for the Java Runtime Environment to continue.
# Native memory allocation (mmap) failed to map 201326592 bytes for Failed to commit area from 0x0000000741600000 to 0x000000074d600000 of length 201326592.
# Possible reasons:
#   The system is out of physical RAM or swap space
#   The process is running with CompressedOops enabled, and the Java Heap may be blocking the growth of the native heap
# Possible solutions:
#   Reduce memory load on the system
#   Increase physical memory or swap space
#   Check if swap backing store is full
#   Decrease Java heap size (-Xmx/-Xms)
#   Decrease number of Java threads
#   Decrease Java thread stack sizes (-Xss)
#   Set larger code cache with -XX:ReservedCodeCacheSize=
# This output file may be truncated or incomplete.
#
#  Out of Memory Error (src/hotspot/os/windows/os_windows.cpp:3627), pid=22520, tid=6956
#
# JRE version:  (11.0.15+10) (build )
# Java VM: OpenJDK 64-Bit Server VM (11.0.15+10-b2043.56, mixed mode, sharing, tiered, compressed oops, g1 gc, windows-amd64)
# No core dump will be written. Minidumps are not enabled by default on client versions of Windows
#

---------------  S U M M A R Y ------------

Command Line: git4idea.http.GitAskPassApp Username for 'https://github.com': 

Host: Intel(R) Core(TM) i3-8130U CPU @ 2.20GHz, 4 cores, 11G,  Windows 11 , 64 bit Build 22000 (10.0.22000.1335)
Time: Fri Feb 10 10:53:51 2023  Windows 11 , 64 bit Build 22000 (10.0.22000.1335) elapsed time: 0.011264 seconds (0d 0h 0m 0s)

---------------  T H R E A D  ---------------

Current thread (0x000001b7b65f0000):  JavaThread "Unknown thread" [_thread_in_vm, id=6956, stack(0x00000089c1c00000,0x00000089c1d00000)]

Stack: [0x00000089c1c00000,0x00000089c1d00000]
Native frames: (J=compiled Java code, j=interpreted, Vv=VM code, C=native code)
V  [jvm.dll+0x61612a]
V  [jvm.dll+0x79c450]
V  [jvm.dll+0x79da6d]
V  [jvm.dll+0x79e143]
V  [jvm.dll+0x24cc18]
V  [jvm.dll+0x613174]
V  [jvm.dll+0x607e55]
V  [jvm.dll+0x30b1cb]
V  [jvm.dll+0x30b13a]
V  [jvm.dll+0x30b012]
V  [jvm.dll+0x30ff76]
V  [jvm.dll+0x35b4c3]
V  [jvm.dll+0x35bbc6]
V  [jvm.dll+0x35b5c3]
V  [jvm.dll+0x2e5918]
V  [jvm.dll+0x2e6ab7]
V  [jvm.dll+0x7794f7]
V  [jvm.dll+0x77acec]
V  [jvm.dll+0x368a59]
V  [jvm.dll+0x75ce8e]
V  [jvm.dll+0x3d6a33]
V  [jvm.dll+0x3d9001]
C  [jli.dll+0x536b]
C  [ucrtbase.dll+0x26c0c]
C  [KERNEL32.DLL+0x155a0]
C  [ntdll.dll+0x485b]


---------------  P R O C E S S  ---------------

Threads class SMR info:
_java_thread_list=0x000001b7b4472120, length=0, elements={
}

Java Threads: ( => current thread )

Other Threads:
  0x000001b7b6608000 GCTaskThread "GC Thread#0" [stack: 0x00000089c1d00000,0x00000089c1e00000] [id=12152]
  0x000001b7b664d800 ConcurrentGCThread "G1 Main Marker" [stack: 0x00000089c1e00000,0x00000089c1f00000] [id=4484]
  0x000001b7b664f800 ConcurrentGCThread "G1 Conc#0" [stack: 0x00000089c1f00000,0x00000089c2000000] [id=17588]

[error occurred during error reporting (printing all threads), id 0xc0000005, EXCEPTION_ACCESS_VIOLATION (0xc0000005) at pc=0x00007ff9f1f66017]

VM state:not at safepoint (not fully initialized)

VM Mutex/Monitor currently owned by a thread:  ([mutex/lock_event])
[0x000001b7b65e9fc0] Heap_lock - owner thread: 0x000001b7b65f0000

Heap address: 0x0000000741600000, size: 3050 MB, Compressed Oops mode: Non-zero based: 0x0000000741600000
Narrow klass base: 0x0000000000000000, Narrow klass shift: 0

GC Heap History (0 events):
No events

Deoptimization events (0 events):
No events

Classes redefined (0 events):
No events

Internal exceptions (0 events):
No events

Events (1 events):
Event: 0.007 Loaded shared library D:\soft\ideaIC-2022.1.win\jbr\bin\zip.dll


Dynamic libraries:
0x00007ff7324b0000 - 0x00007ff7324ba000 	D:\soft\ideaIC-2022.1.win\jbr\bin\java.exe
0x00007ffa32e80000 - 0x00007ffa33089000 	C:\Windows\SYSTEM32\ntdll.dll
0x00007ffa31e10000 - 0x00007ffa31ece000 	C:\Windows\System32\KERNEL32.DLL
0x00007ffa30410000 - 0x00007ffa3078b000 	C:\Windows\System32\KERNELBASE.dll
0x00007ffa30b60000 - 0x00007ffa30c71000 	C:\Windows\System32\ucrtbase.dll
0x00007ffa04090000 - 0x00007ffa040a6000 	D:\soft\ideaIC-2022.1.win\jbr\bin\VCRUNTIME140.dll
0x00007ffa056b0000 - 0x00007ffa056c9000 	D:\soft\ideaIC-2022.1.win\jbr\bin\jli.dll
0x00007ffa32470000 - 0x00007ffa3261d000 	C:\Windows\System32\USER32.dll
0x00007ffa18050000 - 0x00007ffa182f5000 	C:\Windows\WinSxS\amd64_microsoft.windows.common-controls_6595b64144ccf1df_6.0.22000.120_none_9d947278b86cc467\COMCTL32.dll
0x00007ffa30a20000 - 0x00007ffa30a46000 	C:\Windows\System32\win32u.dll
0x00007ffa326c0000 - 0x00007ffa32763000 	C:\Windows\System32\msvcrt.dll
0x00007ffa30f20000 - 0x00007ffa30f49000 	C:\Windows\System32\GDI32.dll
0x00007ffa30790000 - 0x00007ffa308a8000 	C:\Windows\System32\gdi32full.dll
0x00007ffa30a50000 - 0x00007ffa30aed000 	C:\Windows\System32\msvcp_win.dll
0x00007ffa30f50000 - 0x00007ffa30f82000 	C:\Windows\System32\IMM32.DLL
0x00007ff9f0af0000 - 0x00007ff9f0b9a000 	D:\soft\ideaIC-2022.1.win\jbr\bin\msvcp140.dll
0x00007ff9f1c70000 - 0x00007ff9f27eb000 	D:\soft\ideaIC-2022.1.win\jbr\bin\server\jvm.dll
0x00007ffa31840000 - 0x00007ffa318ee000 	C:\Windows\System32\ADVAPI32.dll
0x00007ffa32620000 - 0x00007ffa326be000 	C:\Windows\System32\sechost.dll
0x00007ffa32140000 - 0x00007ffa32260000 	C:\Windows\System32\RPCRT4.dll
0x00007ffa31c70000 - 0x00007ffa31c78000 	C:\Windows\System32\PSAPI.DLL
0x00007ffa168b0000 - 0x00007ffa168b9000 	C:\Windows\SYSTEM32\WSOCK32.dll
0x00007ffa2b370000 - 0x00007ffa2b3a3000 	C:\Windows\SYSTEM32\WINMM.dll
0x00007ffa323f0000 - 0x00007ffa3245f000 	C:\Windows\System32\WS2_32.dll
0x00007ffa2aca0000 - 0x00007ffa2acaa000 	C:\Windows\SYSTEM32\VERSION.dll
0x00007ffa2f390000 - 0x00007ffa2f3a8000 	C:\Windows\SYSTEM32\kernel.appcore.dll
0x00007ffa29820000 - 0x00007ffa29831000 	D:\soft\ideaIC-2022.1.win\jbr\bin\verify.dll
0x00007ffa2dd80000 - 0x00007ffa2dfa1000 	C:\Windows\SYSTEM32\DBGHELP.DLL
0x00007ffa29610000 - 0x00007ffa29641000 	C:\Windows\SYSTEM32\dbgcore.DLL
0x00007ffa30c80000 - 0x00007ffa30cff000 	C:\Windows\System32\bcryptPrimitives.dll
0x00007ffa288a0000 - 0x00007ffa288c9000 	D:\soft\ideaIC-2022.1.win\jbr\bin\java.dll
0x00007ffa2a740000 - 0x00007ffa2a74b000 	D:\soft\ideaIC-2022.1.win\jbr\bin\jimage.dll
0x00007ffa29750000 - 0x00007ffa29769000 	D:\soft\ideaIC-2022.1.win\jbr\bin\zip.dll

dbghelp: loaded successfully - version: 4.0.5 - missing functions: none
symbol engine: initialized successfully - sym options: 0x614 - pdb path: .;D:\soft\ideaIC-2022.1.win\jbr\bin;C:\Windows\SYSTEM32;C:\Windows\WinSxS\amd64_microsoft.windows.common-controls_6595b64144ccf1df_6.0.22000.120_none_9d947278b86cc467;D:\soft\ideaIC-2022.1.win\jbr\bin\server

VM Arguments:
java_command: git4idea.http.GitAskPassApp Username for 'https://github.com': 
java_class_path (initial): D:/soft/ideaIC-2022.1.win/plugins/git4idea/lib/git4idea-rt.jar;D:/soft/ideaIC-2022.1.win/lib/externalProcess-rt.jar;D:/soft/ideaIC-2022.1.win/lib/app.jar;D:/soft/ideaIC-2022.1.win/lib/3rd-party-rt.jar
Launcher Type: SUN_STANDARD

[Global flags]
     intx CICompilerCount                          = 3                                         {product} {ergonomic}
     uint ConcGCThreads                            = 1                                         {product} {ergonomic}
     uint G1ConcRefinementThreads                  = 4                                         {product} {ergonomic}
   size_t G1HeapRegionSize                         = 1048576                                   {product} {ergonomic}
    uintx GCDrainStackTargetSize                   = 64                                        {product} {ergonomic}
   size_t InitialHeapSize                          = 201326592                                 {product} {ergonomic}
   size_t MarkStackSize                            = 4194304                                   {product} {ergonomic}
   size_t MaxHeapSize                              = 3198156800                                {product} {ergonomic}
   size_t MinHeapDeltaBytes                        = 1048576                                   {product} {ergonomic}
    uintx NonNMethodCodeHeapSize                   = 5830732                                {pd product} {ergonomic}
    uintx NonProfiledCodeHeapSize                  = 122913754                              {pd product} {ergonomic}
    uintx ProfiledCodeHeapSize                     = 122913754                              {pd product} {ergonomic}
    uintx ReservedCodeCacheSize                    = 251658240                              {pd product} {ergonomic}
     bool SegmentedCodeCache                       = true                                      {product} {ergonomic}
     bool UseCompressedClassPointers               = true                                 {lp64_product} {ergonomic}
     bool UseCompressedOops                        = true                                 {lp64_product} {ergonomic}
     bool UseG1GC                                  = true                                      {product} {ergonomic}
     bool UseLargePagesIndividualAllocation        = false                                  {pd product} {ergonomic}

Logging:
Log output configuration:
 #0: stdout all=warning uptime,level,tags
 #1: stderr all=off uptime,level,tags

Environment Variables:
PATH=C:\Program Files\Git\mingw64\libexec\git-core;C:\Program Files\Git\mingw64\libexec\git-core;C:\Program Files\Git\mingw64\bin;C:\Program Files\Git\usr\bin;C:\Users\karab\bin;C:\Program Files\Common Files\Oracle\Java\javapath;C:\Windows\system32;C:\Windows;C:\Windows\System32\Wbem;C:\Windows\System32\WindowsPowerShell\v1.0;C:\Windows\System32\OpenSSH;C:\Program Files\Git\cmd;C:\Program Files\Docker\Docker\resources\bin;C:\Program Files\MySQL\MySQL Shell 8.0\bin;C:\Users\karab\AppData\Local\Programs\Python\Python310\Scripts;C:\Users\karab\AppData\Local\Programs\Python\Python310;C:\Users\karab\AppData\Local\Microsoft\WindowsApps;C:\gradle-7.6\bin
USERNAME=karab
DISPLAY=:0.0
LC_ALL=en_US.UTF-8
OS=Windows_NT
PROCESSOR_IDENTIFIER=Intel64 Family 6 Model 142 Stepping 10, GenuineIntel



---------------  S Y S T E M  ---------------

OS: Windows 11 , 64 bit Build 22000 (10.0.22000.1335)
OS uptime: 4 days 1:00 hours
Hyper-V role detected

CPU:total 4 (initial active 4) (2 cores per cpu, 2 threads per core) family 6 model 142 stepping 10 microcode 0xe0, cmov, cx8, fxsr, mmx, sse, sse2, sse3, ssse3, sse4.1, sse4.2, popcnt, avx, avx2, aes, clmul, erms, 3dnowpref, lzcnt, ht, tsc, tscinvbit, bmi1, bmi2, adx, fma

Memory: 4k page, system-wide physical 12193M (939M free)
TotalPageFile size 29917M (AvailPageFile size 137M)
current process WorkingSet (physical memory assigned to process): 10M, peak: 10M
current process commit charge ("private bytes"): 52M, peak: 244M

vm_info: OpenJDK 64-Bit Server VM (11.0.15+10-b2043.56) for windows-amd64 JRE (11.0.15+10-b2043.56), built on May 16 2022 02:28:12 by "" with MS VC++ 14.0 (VS2015)

END.
